[32m2021-10-15 17:06:00[0m - dagster - [34mDEBUG[0m - hacker_news_api_download - f3fc354b-5e13-47d0-8439-6dfcd0bcf595 - 20074 - download_items - LOGS_CAPTURED - Started capturing logs for solid: download_items.
[32m2021-10-15 17:06:00[0m - dagster - [34mDEBUG[0m - hacker_news_api_download - f3fc354b-5e13-47d0-8439-6dfcd0bcf595 - 20074 - download_items - STEP_START - Started execution of step "download_items".
[32m2021-10-15 17:06:01[0m - dagster - [34mDEBUG[0m - hacker_news_api_download - f3fc354b-5e13-47d0-8439-6dfcd0bcf595 - download_items - Loading S3 object from: s3://hackernews-elementl-dev/dagster/storage/f3fc354b-5e13-47d0-8439-6dfcd0bcf595/id_range_for_time/result
[32m2021-10-15 17:06:01[0m - dagster - [34mDEBUG[0m - hacker_news_api_download - f3fc354b-5e13-47d0-8439-6dfcd0bcf595 - 20074 - download_items - LOADED_INPUT - Loaded input "id_range" using input manager "io_manager", from output "result" of step "id_range_for_time"
[32m2021-10-15 17:06:01[0m - dagster - [34mDEBUG[0m - hacker_news_api_download - f3fc354b-5e13-47d0-8439-6dfcd0bcf595 - 20074 - download_items - STEP_INPUT - Got input "id_range" of type "Tuple[Int,Int]". (Type check passed).
[32m2021-10-15 17:06:01[0m - dagster - [34mINFO[0m - hacker_news_api_download - f3fc354b-5e13-47d0-8439-6dfcd0bcf595 - download_items - Downloading range 25598810 up to 25599439: 629 items.
[32m2021-10-15 17:06:04[0m - dagster - [34mINFO[0m - hacker_news_api_download - f3fc354b-5e13-47d0-8439-6dfcd0bcf595 - download_items - Downloaded 100 items!
[32m2021-10-15 17:06:07[0m - dagster - [34mINFO[0m - hacker_news_api_download - f3fc354b-5e13-47d0-8439-6dfcd0bcf595 - download_items - Downloaded 200 items!
[32m2021-10-15 17:06:09[0m - dagster - [34mINFO[0m - hacker_news_api_download - f3fc354b-5e13-47d0-8439-6dfcd0bcf595 - download_items - Downloaded 300 items!
[32m2021-10-15 17:06:12[0m - dagster - [34mINFO[0m - hacker_news_api_download - f3fc354b-5e13-47d0-8439-6dfcd0bcf595 - download_items - Downloaded 400 items!
[32m2021-10-15 17:06:15[0m - dagster - [34mINFO[0m - hacker_news_api_download - f3fc354b-5e13-47d0-8439-6dfcd0bcf595 - download_items - Downloaded 500 items!
[32m2021-10-15 17:06:17[0m - dagster - [34mINFO[0m - hacker_news_api_download - f3fc354b-5e13-47d0-8439-6dfcd0bcf595 - download_items - Downloaded 600 items!
/Users/max/dev/hooli-data-science-pipelines/hooli_data_science/ops/download_items.py:60: ExperimentalWarning: "metadata" is an experimental argument to function "Output.__new__". It may break in future versions, even between dot releases. To mute warnings for experimental functionality, invoke warnings.filterwarnings("ignore", category=dagster.ExperimentalWarning) or use one of the other methods described at https://docs.python.org/3/library/warnings.html#describing-warning-filters.
  return Output(
[32m2021-10-15 17:06:18[0m - dagster - [34mDEBUG[0m - hacker_news_api_download - f3fc354b-5e13-47d0-8439-6dfcd0bcf595 - 20074 - download_items - STEP_OUTPUT - Yielded output "items" of type "DataFrame". (Type check passed).
/Users/max/dev/dagster/python_modules/dagster/dagster/core/execution/plan/execute_step.py:382: ExperimentalWarning: Yielding metadata from an IOManager's handle_output() function is currently experimental functionality. It may break in future versions, even between dot releases. To mute warnings for experimental functionality, invoke warnings.filterwarnings("ignore", category=dagster.ExperimentalWarning) or use one of the other methods described at https://docs.python.org/3/library/warnings.html#describing-warning-filters.
  for evt in _store_output(step_context, step_output_handle, output, input_lineage):
[32m2021-10-15 17:06:21[0m - dagster - [34mDEBUG[0m - hacker_news_api_download - f3fc354b-5e13-47d0-8439-6dfcd0bcf595 - 20074 - download_items - ASSET_MATERIALIZATION - Materialized value s3 hackernews-elementl-dev items.
[32m2021-10-15 17:06:21[0m - dagster - [34mDEBUG[0m - hacker_news_api_download - f3fc354b-5e13-47d0-8439-6dfcd0bcf595 - 20074 - download_items - HANDLED_OUTPUT - Handled output "items" using IO manager "parquet_io_manager"
[32m2021-10-15 17:06:21[0m - dagster - [34mDEBUG[0m - hacker_news_api_download - f3fc354b-5e13-47d0-8439-6dfcd0bcf595 - 20074 - download_items - STEP_SUCCESS - Finished execution of step "download_items" in 20.07s.
